#
# There is insufficient memory for the Java Runtime Environment to continue.
# Native memory allocation (malloc) failed to allocate 131088 bytes for Chunk::new
# Possible reasons:
#   The system is out of physical RAM or swap space
#   In 32 bit mode, the process size limit was hit
# Possible solutions:
#   Reduce memory load on the system
#   Increase physical memory or swap space
#   Check if swap backing store is full
#   Use 64 bit Java on a 64 bit OS
#   Decrease Java heap size (-Xmx/-Xms)
#   Decrease number of Java threads
#   Decrease Java thread stack sizes (-Xss)
#   Set larger code cache with -XX:ReservedCodeCacheSize=
# This output file may be truncated or incomplete.
#
#  Out of Memory Error (allocation.cpp:390), pid=12272, tid=5736
#
# JRE version: Java(TM) SE Runtime Environment (8.0_45-b15) (build 1.8.0_45-b15)
# Java VM: Java HotSpot(TM) 64-Bit Server VM (25.45-b02 mixed mode windows-amd64 compressed oops)
# Failed to write core dump. Minidumps are not enabled by default on client versions of Windows
#

---------------  T H R E A D  ---------------

Current thread (0x0000000014bba800):  JavaThread "C2 CompilerThread0" daemon [_thread_in_native, id=5736, stack(0x00000000160c0000,0x00000000161c0000)]

Stack: [0x00000000160c0000,0x00000000161c0000]
Native frames: (J=compiled Java code, j=interpreted, Vv=VM code, C=native code)
V  [jvm.dll+0x32b57a]
V  [jvm.dll+0x279873]
V  [jvm.dll+0x27a509]
V  [jvm.dll+0x271825]
V  [jvm.dll+0xcb9e2]
V  [jvm.dll+0xcbeac]
V  [jvm.dll+0xcc204]
V  [jvm.dll+0x4ea280]
V  [jvm.dll+0x4c271e]
V  [jvm.dll+0x4c3b23]
V  [jvm.dll+0x4c3df1]
V  [jvm.dll+0x4c433a]
V  [jvm.dll+0x4c46cf]
V  [jvm.dll+0x4c46e3]
V  [jvm.dll+0x4c46e3]
V  [jvm.dll+0x4c46e3]
V  [jvm.dll+0x4c46e3]
V  [jvm.dll+0x4c46e3]
V  [jvm.dll+0x4c46e3]
V  [jvm.dll+0x4c46e3]
V  [jvm.dll+0x4c46e3]
V  [jvm.dll+0x4b9ab1]
V  [jvm.dll+0x46baa8]
V  [jvm.dll+0x46ccbe]
V  [jvm.dll+0x4500f2]
V  [jvm.dll+0xa4352]
V  [jvm.dll+0xa4c8f]
V  [jvm.dll+0x241984]
V  [jvm.dll+0x29853a]
C  [msvcr100.dll+0x21d9f]
C  [msvcr100.dll+0x21e3b]
C  [KERNEL32.DLL+0x13d2]
C  [ntdll.dll+0x15444]


Current CompileTask:
C2:   6082 1578   !   4       com.android.dx.cf.code.Ropper::processBlock (1101 bytes)


---------------  P R O C E S S  ---------------

Java Threads: ( => current thread )
  0x0000000016222000 JavaThread "Service Thread" daemon [_thread_blocked, id=16272, stack(0x00000000167c0000,0x00000000168c0000)]
  0x000000001621a000 JavaThread "C1 CompilerThread2" daemon [_thread_in_native, id=10236, stack(0x00000000166c0000,0x00000000167c0000)]
  0x0000000014bbc800 JavaThread "C2 CompilerThread1" daemon [_thread_in_native, id=16488, stack(0x00000000165c0000,0x00000000166c0000)]
=>0x0000000014bba800 JavaThread "C2 CompilerThread0" daemon [_thread_in_native, id=5736, stack(0x00000000160c0000,0x00000000161c0000)]
  0x0000000014b6d800 JavaThread "Attach Listener" daemon [_thread_blocked, id=1168, stack(0x0000000015fc0000,0x00000000160c0000)]
  0x0000000014b6c800 JavaThread "Signal Dispatcher" daemon [_thread_blocked, id=6568, stack(0x0000000015ec0000,0x0000000015fc0000)]
  0x00000000023d0800 JavaThread "Finalizer" daemon [_thread_blocked, id=10324, stack(0x0000000015dc0000,0x0000000015ec0000)]
  0x00000000023cd800 JavaThread "Reference Handler" daemon [_thread_blocked, id=2440, stack(0x0000000015cc0000,0x0000000015dc0000)]
  0x00000000022e3000 JavaThread "main" [_thread_in_vm, id=3424, stack(0x0000000001e70000,0x0000000001f70000)]

Other Threads:
  0x0000000014b27800 VMThread [stack: 0x0000000015bc0000,0x0000000015cc0000] [id=16780]
  0x0000000016223800 WatcherThread [stack: 0x00000000168c0000,0x00000000169c0000] [id=5552]

VM state:not at safepoint (normal execution)

VM Mutex/Monitor currently owned by a thread: None

Heap:
 PSYoungGen      total 47616K, used 34355K [0x00000000eab00000, 0x00000000ee000000, 0x0000000100000000)
  eden space 40960K, 67% used [0x00000000eab00000,0x00000000ec60e490,0x00000000ed300000)
  from space 6656K, 99% used [0x00000000ed300000,0x00000000ed97e788,0x00000000ed980000)
  to   space 6656K, 0% used [0x00000000ed980000,0x00000000ed980000,0x00000000ee000000)
 ParOldGen       total 109568K, used 1385K [0x00000000c0000000, 0x00000000c6b00000, 0x00000000eab00000)
  object space 109568K, 1% used [0x00000000c0000000,0x00000000c015a7e8,0x00000000c6b00000)
 Metaspace       used 5881K, capacity 7024K, committed 7296K, reserved 1056768K
  class space    used 560K, capacity 616K, committed 640K, reserved 1048576K

Card table byte_map: [0x0000000011850000,0x0000000011a60000] byte_map_base: 0x0000000011250000

Marking Bits: (ParMarkBitMap*) 0x000000006dc74040
 Begin Bits: [0x0000000011fc0000, 0x0000000012fc0000)
 End Bits:   [0x0000000012fc0000, 0x0000000013fc0000)

Polling page: 0x0000000001f70000

CodeCache: size=245760Kb used=7282Kb max_used=7289Kb free=238477Kb
 bounds [0x0000000002490000, 0x0000000002bc0000, 0x0000000011490000]
 total_blobs=1852 nmethods=1585 adapters=180
 compilation: enabled

Compilation events (10 events):
Event: 5.481 Thread 0x000000001621a000 1580       1       com.android.dx.rop.cst.CstKnownNull::getType (4 bytes)
Event: 5.481 Thread 0x000000001621a000 nmethod 1580 0x0000000002b7a650 code [0x0000000002b7a7a0, 0x0000000002b7a8b0]
Event: 5.483 Thread 0x000000001621a000 1581       3       com.android.dx.rop.code.Insn::contentEquals (84 bytes)
Event: 5.484 Thread 0x000000001621a000 nmethod 1581 0x0000000002b9dad0 code [0x0000000002b9dcc0, 0x0000000002b9e8f8]
Event: 5.489 Thread 0x000000001621a000 1582       3       com.android.dx.rop.code.ThrowingInsn::<init> (49 bytes)
Event: 5.490 Thread 0x000000001621a000 nmethod 1582 0x0000000002b94890 code [0x0000000002b94a20, 0x0000000002b94e88]
Event: 5.491 Thread 0x000000001621a000 1583       3       com.android.dx.rop.code.ThrowingInsn::withNewRegisters (21 bytes)
Event: 5.491 Thread 0x000000001621a000 nmethod 1583 0x0000000002b97150 code [0x0000000002b972c0, 0x0000000002b975e8]
Event: 5.504 Thread 0x0000000014bba800 nmethod 1574 0x0000000002bb2dd0 code [0x0000000002bb3020, 0x0000000002bb4b48]
Event: 5.504 Thread 0x0000000014bba800 1578   !   4       com.android.dx.cf.code.Ropper::processBlock (1101 bytes)

GC Heap History (2 events):
Event: 4.158 GC heap before
{Heap before GC invocations=1 (full 0):
 PSYoungGen      total 47616K, used 40960K [0x00000000eab00000, 0x00000000ee000000, 0x0000000100000000)
  eden space 40960K, 100% used [0x00000000eab00000,0x00000000ed300000,0x00000000ed300000)
  from space 6656K, 0% used [0x00000000ed980000,0x00000000ed980000,0x00000000ee000000)
  to   space 6656K, 0% used [0x00000000ed300000,0x00000000ed300000,0x00000000ed980000)
 ParOldGen       total 109568K, used 0K [0x00000000c0000000, 0x00000000c6b00000, 0x00000000eab00000)
  object space 109568K, 0% used [0x00000000c0000000,0x00000000c0000000,0x00000000c6b00000)
 Metaspace       used 5823K, capacity 7024K, committed 7296K, reserved 1056768K
  class space    used 556K, capacity 616K, committed 640K, reserved 1048576K
Event: 4.296 GC heap after
Heap after GC invocations=1 (full 0):
 PSYoungGen      total 47616K, used 6649K [0x00000000eab00000, 0x00000000ee000000, 0x0000000100000000)
  eden space 40960K, 0% used [0x00000000eab00000,0x00000000eab00000,0x00000000ed300000)
  from space 6656K, 99% used [0x00000000ed300000,0x00000000ed97e788,0x00000000ed980000)
  to   space 6656K, 0% used [0x00000000ed980000,0x00000000ed980000,0x00000000ee000000)
 ParOldGen       total 109568K, used 1385K [0x00000000c0000000, 0x00000000c6b00000, 0x00000000eab00000)
  object space 109568K, 1% used [0x00000000c0000000,0x00000000c015a7e8,0x00000000c6b00000)
 Metaspace       used 5823K, capacity 7024K, committed 7296K, reserved 1056768K
  class space    used 556K, capacity 616K, committed 640K, reserved 1048576K
}

Deoptimization events (10 events):
Event: 1.983 Thread 0x00000000022e3000 Uncommon trap: reason=unstable_if action=reinterpret pc=0x0000000002887e2c method=com.android.dx.rop.code.RegisterSpecSet.put(Lcom/android/dx/rop/code/RegisterSpec;)V @ 77
Event: 3.063 Thread 0x00000000022e3000 Uncommon trap: reason=unstable_if action=reinterpret pc=0x00000000029cc810 method=com.android.dx.cf.code.BytecodeArray.parseInstruction(ILcom/android/dx/cf/code/BytecodeArray$Visitor;)I @ 1198
Event: 3.160 Thread 0x00000000022e3000 Uncommon trap: reason=unstable_if action=reinterpret pc=0x00000000027dc75c method=com.android.dx.rop.cst.Constant.compareTo(Lcom/android/dx/rop/cst/Constant;)I @ 12
Event: 4.723 Thread 0x00000000022e3000 Uncommon trap: reason=null_check action=make_not_entrant pc=0x0000000002aaa9d0 method=com.android.dx.ssa.SsaRenamer.getLocalForNewReg(I)Lcom/android/dx/rop/code/LocalItem; @ 19
Event: 4.759 Thread 0x00000000022e3000 Uncommon trap: reason=bimorphic action=maybe_recompile pc=0x0000000002b058ec method=com.android.dx.cf.code.RopperMachine.run(Lcom/android/dx/cf/code/Frame;II)V @ 988
Event: 4.759 Thread 0x00000000022e3000 Uncommon trap: reason=unstable_if action=reinterpret pc=0x0000000002a2ec34 method=com.android.dx.ssa.SCCP.simulateBranch(Lcom/android/dx/ssa/SsaInsn;)V @ 64
Event: 4.759 Thread 0x00000000022e3000 Uncommon trap: reason=unstable_if action=reinterpret pc=0x0000000002a6f4b0 method=com.android.dx.ssa.LiteralOpUpgrader$1.visitNonMoveInsn(Lcom/android/dx/ssa/NormalSsaInsn;)V @ 55
Event: 4.760 Thread 0x00000000022e3000 Uncommon trap: reason=unstable_if action=reinterpret pc=0x00000000027f9d1c method=com.android.dx.ssa.SsaMethod.updateOneDefinition(Lcom/android/dx/ssa/SsaInsn;Lcom/android/dx/rop/code/RegisterSpec;)V @ 4
Event: 4.761 Thread 0x00000000022e3000 Uncommon trap: reason=bimorphic action=maybe_recompile pc=0x0000000002b058ec method=com.android.dx.cf.code.RopperMachine.run(Lcom/android/dx/cf/code/Frame;II)V @ 988
Event: 4.778 Thread 0x00000000022e3000 Uncommon trap: reason=bimorphic action=maybe_recompile pc=0x0000000002b058ec method=com.android.dx.cf.code.RopperMachine.run(Lcom/android/dx/cf/code/Frame;II)V @ 988

Internal exceptions (3 events):
Event: 0.209 Thread 0x00000000022e3000 Exception <a 'java/lang/NoSuchMethodError': Method sun.misc.Unsafe.defineClass(Ljava/lang/String;[BII)Ljava/lang/Class; name or signature does not match> (0x00000000eab12f38) thrown at [C:\re\workspace\8-2-build-windows-amd64-cygwin\jdk8u45\3627\hotspot\srªBÊU¼Ê?
Event: 0.209 Thread 0x00000000022e3000 Exception <a 'java/lang/NoSuchMethodError': Method sun.misc.Unsafe.prefetchRead(Ljava/lang/Object;J)V name or signature does not match> (0x00000000eab131c8) thrown at [C:\re\workspace\8-2-build-windows-amd64-cygwin\jdk8u45\3627\hotspot\src\share\vm\prims\jÞ0Šä@
Event: 4.723 Thread 0x00000000022e3000 Implicit null exception at 0x0000000002aa7878 to 0x0000000002aaa981

Events (10 events):
Event: 5.472 loading class com/android/dx/cf/attrib/AttRuntimeInvisibleParameterAnnotations
Event: 5.472 loading class com/android/dx/cf/attrib/AttRuntimeInvisibleParameterAnnotations done
Event: 5.472 loading class com/android/dx/cf/attrib/BaseParameterAnnotations
Event: 5.472 loading class com/android/dx/cf/attrib/BaseParameterAnnotations done
Event: 5.485 loading class com/android/dx/dex/file/ParameterAnnotationStruct
Event: 5.485 loading class com/android/dx/dex/file/ParameterAnnotationStruct done
Event: 5.486 loading class com/android/dx/dex/file/UniformListItem
Event: 5.486 loading class com/android/dx/dex/file/UniformListItem done
Event: 5.486 loading class com/android/dx/dex/file/AnnotationSetRefItem
Event: 5.486 loading class com/android/dx/dex/file/AnnotationSetRefItem done


Dynamic libraries:
0x00007ff6c9240000 - 0x00007ff6c9277000 	E:\Program files\Java\jdk1.8.0_45\bin\java.exe
0x00007ff8ac860000 - 0x00007ff8aca0c000 	C:\windows\SYSTEM32\ntdll.dll
0x00007ff8ac4c0000 - 0x00007ff8ac5fe000 	C:\windows\system32\KERNEL32.DLL
0x00007ff8a9ae0000 - 0x00007ff8a9bf5000 	C:\windows\system32\KERNELBASE.dll
0x00007ff8a81b0000 - 0x00007ff8a823e000 	C:\windows\system32\apphelp.dll
0x00007ff89e260000 - 0x00007ff89e2b3000 	C:\windows\AppPatch\AppPatch64\AcGenral.DLL
0x00007ff8aa570000 - 0x00007ff8aa61a000 	C:\windows\system32\msvcrt.dll
0x00007ff8a97e0000 - 0x00007ff8a980e000 	C:\windows\SYSTEM32\SspiCli.dll
0x00007ff8abce0000 - 0x00007ff8abd34000 	C:\windows\system32\SHLWAPI.dll
0x00007ff8ac600000 - 0x00007ff8ac777000 	C:\windows\system32\USER32.dll
0x00007ff8aa3d0000 - 0x00007ff8aa564000 	C:\windows\system32\ole32.dll
0x00007ff8aa7c0000 - 0x00007ff8abcd9000 	C:\windows\system32\SHELL32.dll
0x00007ff8a8fb0000 - 0x00007ff8a8fd1000 	C:\windows\SYSTEM32\USERENV.dll
0x00007ff8aa320000 - 0x00007ff8aa3ca000 	C:\windows\system32\ADVAPI32.dll
0x00007ff89c670000 - 0x00007ff89c68e000 	C:\windows\SYSTEM32\MPR.dll
0x00007ff8ac370000 - 0x00007ff8ac4b1000 	C:\windows\system32\RPCRT4.dll
0x00007ff8aa640000 - 0x00007ff8aa699000 	C:\windows\SYSTEM32\sechost.dll
0x00007ff8abff0000 - 0x00007ff8ac201000 	C:\windows\SYSTEM32\combase.dll
0x00007ff8ac210000 - 0x00007ff8ac361000 	C:\windows\system32\GDI32.dll
0x00007ff8a99b0000 - 0x00007ff8a99c5000 	C:\windows\SYSTEM32\profapi.dll
0x00007ff8a7910000 - 0x00007ff8a79c2000 	C:\windows\SYSTEM32\SHCORE.dll
0x00007ff8aa180000 - 0x00007ff8aa1b6000 	C:\windows\system32\IMM32.DLL
0x00007ff8aa1c0000 - 0x00007ff8aa312000 	C:\windows\system32\MSCTF.dll
0x00007ff8a74c0000 - 0x00007ff8a773a000 	C:\windows\WinSxS\amd64_microsoft.windows.common-controls_6595b64144ccf1df_6.0.9600.17810_none_6240b9c7ecbd0bda\COMCTL32.dll
0x000000006cff0000 - 0x000000006d0c2000 	E:\Program files\Java\jdk1.8.0_45\jre\bin\msvcr100.dll
0x000000006d470000 - 0x000000006dcf3000 	E:\Program files\Java\jdk1.8.0_45\jre\bin\server\jvm.dll
0x00007ff8a7ae0000 - 0x00007ff8a7ae9000 	C:\windows\SYSTEM32\WSOCK32.dll
0x00007ff8a8180000 - 0x00007ff8a81a2000 	C:\windows\SYSTEM32\WINMM.dll
0x00007ff8a8c80000 - 0x00007ff8a8c8a000 	C:\windows\SYSTEM32\VERSION.dll
0x00007ff8aa620000 - 0x00007ff8aa627000 	C:\windows\system32\PSAPI.DLL
0x00007ff8a9f50000 - 0x00007ff8a9faa000 	C:\windows\system32\WS2_32.dll
0x00007ff8a8150000 - 0x00007ff8a817a000 	C:\windows\SYSTEM32\WINMMBASE.dll
0x00007ff8a9fb0000 - 0x00007ff8a9fb9000 	C:\windows\system32\NSI.dll
0x00007ff8a9de0000 - 0x00007ff8a9e2f000 	C:\windows\SYSTEM32\cfgmgr32.dll
0x00007ff8a86a0000 - 0x00007ff8a86c8000 	C:\windows\SYSTEM32\DEVOBJ.dll
0x000000006d460000 - 0x000000006d46f000 	E:\Program files\Java\jdk1.8.0_45\jre\bin\verify.dll
0x000000006d430000 - 0x000000006d459000 	E:\Program files\Java\jdk1.8.0_45\jre\bin\java.dll
0x000000006d410000 - 0x000000006d426000 	E:\Program files\Java\jdk1.8.0_45\jre\bin\zip.dll
0x00007ff89c390000 - 0x00007ff89c519000 	C:\windows\SYSTEM32\dbghelp.dll

VM Arguments:
jvm_args: -Xmx1024M -Dfile.encoding=GBK -Duser.country=US -Duser.language=en -Duser.variant 
java_command: com.android.dx.command.Main --dex --output C:\Users\d038395\Documents\AndroidStudioProject\Animation\app\build\intermediates\pre-dexed\debug\classes-a1c7a8978d8b6774a2010efba4015f4a472ab525.jar C:\Users\d038395\Documents\AndroidStudioProject\Animation\app\build\intermediates\exploded-aar\com.android.support\appcompat-v7\22.2.0\jars\classes.jar
java_class_path (initial): E:\Android\sdk\build-tools\22.0.1\lib\dx.jar
Launcher Type: SUN_STANDARD

Environment Variables:
PATH=E:\Program files\MentorGraphics\Concord\bin;E:\Program files\MentorGraphics\Concord\jre\bin;E:\Program files\MentorGraphics\Concord\jre\bin\client;E:\Program files\MentorGraphics\Systems\bin;E:\Program files\MentorGraphics\Systems\jre\bin;E:\Program files\MentorGraphics\Systems\jre\bin\client;E:\Program files\Python34\;E:\Program files\Python34\Scripts;C:\ProgramData\Oracle\Java\javapath;c:\Program Files (x86)\Intel\iCLS Client\;c:\Program Files\Intel\iCLS Client\;C:\windows\system32;C:\windows;C:\windows\System32\Wbem;C:\windows\System32\WindowsPowerShell\v1.0\;C:\Program Files\Intel\Intel(R) Management Engine Components\DAL;C:\Program Files\Intel\Intel(R) Management Engine Components\IPT;C:\Program Files (x86)\Intel\Intel(R) Management Engine Components\DAL;C:\Program Files (x86)\Intel\Intel(R) Management Engine Components\IPT;C:\Program Files (x86)\Skype\Phone\;E:\MinGw\bin;C:\Users\d038395\AppData\Local\atom\bin;e:\batshes
USERNAME=d038395
OS=Windows_NT
PROCESSOR_IDENTIFIER=Intel64 Family 6 Model 60 Stepping 3, GenuineIntel



---------------  S Y S T E M  ---------------

OS: Windows 8.1 , 64 bit Build 9600 (6.3.9600.17415)

CPU:total 4 (2 cores per cpu, 2 threads per core) family 6 model 60 stepping 3, cmov, cx8, fxsr, mmx, sse, sse2, sse3, ssse3, sse4.1, sse4.2, popcnt, avx, avx2, aes, clmul, erms, lzcnt, ht, tsc, tscinvbit, bmi1, bmi2

Memory: 4k page, physical 10389860k(2137344k free), swap 11438436k(593552k free)

vm_info: Java HotSpot(TM) 64-Bit Server VM (25.45-b02) for windows-amd64 JRE (1.8.0_45-b15), built on Apr 30 2015 12:40:44 by "java_re" with MS VC++ 10.0 (VS2010)

time: Wed Jul 08 12:34:03 2015
elapsed time: 6 seconds (0d 0h 0m 6s)

